<?xml version="1.0" encoding="UTF-8"?>
<!-- Generated by org.testng.reporters.JUnitXMLReporter -->
<testsuite hostname="apples-MacBook-Pro.local" ignored="6" name="Surefire test" tests="5" failures="2" timestamp="2021-03-28T11:23:17 IST" time="76.51" errors="0">
  <testcase name="verifyUserRegistration" time="15.06" classname="com.automation.DevOpsAssignment.RegistrationTest"/>
  <testcase name="verifyAccountOverview" time="31.527" classname="com.automation.DevOpsAssignment.AccountOverviewTest">
    <failure type="java.lang.AssertionError" message="expected [true] but found [false]">
      <![CDATA[java.lang.AssertionError: expected [true] but found [false]
at com.automation.DevOpsAssignment.AccountOverviewTest.verifyAccountOverview(AccountOverviewTest.java:30)
at java.util.ArrayList.forEach(ArrayList.java:1259)
... Removed 36 stack frames]]>
    </failure>
  </testcase> <!-- verifyAccountOverview -->
  <testcase name="verifyTableDataAndPrintOnConsole" time="5.238" classname="com.automation.DevOpsAssignment.AccountOverviewTest">
    <failure type="java.util.MissingFormatArgumentException" message="Format specifier &amp;apos;%-10s&amp;apos;">
      <![CDATA[java.util.MissingFormatArgumentException: Format specifier '%-10s'
at java.util.Formatter.format(Formatter.java:2519)
at java.util.Formatter.format(Formatter.java:2455)
at java.lang.String.format(String.java:2940)
at com.automation.DevOpsAssignment.CommonFunctions.formatAsTable(CommonFunctions.java:38)
at com.automation.DevOpsAssignment.AccountOverviewTest.verifyTableDataAndPrintOnConsole(AccountOverviewTest.java:54)
at java.util.ArrayList.forEach(ArrayList.java:1259)
... Removed 32 stack frames]]>
    </failure>
  </testcase> <!-- verifyTableDataAndPrintOnConsole -->
  <testcase name="createNewAccount" time="8.797" classname="com.automation.DevOpsAssignment.UserAccountTest"/>
  <testcase name="verifyAccountServicesList" time="5.285" classname="com.automation.DevOpsAssignment.UserAccountTest"/>
  <testcase name="@BeforeTest launchApplication" time="0.0" classname="com.automation.DevOpsAssignment.TestBase">
    <ignored/>
  </testcase> <!-- @BeforeTest launchApplication -->
  <testcase name="@BeforeTest launchApplication" time="0.0" classname="com.automation.DevOpsAssignment.TestBase">
    <ignored/>
  </testcase> <!-- @BeforeTest launchApplication -->
  <testcase name="@BeforeSuite launchBrowser" time="0.0" classname="com.automation.DevOpsAssignment.TestBase">
    <ignored/>
  </testcase> <!-- @BeforeSuite launchBrowser -->
  <testcase name="@BeforeSuite launchBrowser" time="0.0" classname="com.automation.DevOpsAssignment.TestBase">
    <ignored/>
  </testcase> <!-- @BeforeSuite launchBrowser -->
  <testcase name="@AfterSuite killSession" time="0.0" classname="com.automation.DevOpsAssignment.TestBase">
    <ignored/>
  </testcase> <!-- @AfterSuite killSession -->
  <testcase name="@AfterSuite killSession" time="0.0" classname="com.automation.DevOpsAssignment.TestBase">
    <ignored/>
  </testcase> <!-- @AfterSuite killSession -->
</testsuite> <!-- Surefire test -->
