<?xml version="1.0" encoding="UTF-8"?>
<testng-results skipped="0" failed="1" ignored="6" total="12" passed="5">
  <reporter-output>
  </reporter-output>
  <suite name="Suite" duration-ms="73436" started-at="2021-03-29T09:17:26 IST" finished-at="2021-03-29T09:18:39 IST">
    <groups>
    </groups>
    <test name="Test" duration-ms="73436" started-at="2021-03-29T09:17:26 IST" finished-at="2021-03-29T09:18:39 IST">
      <class name="com.automation.DevOpsAssignment.UserAccountTest">
        <test-method status="PASS" signature="initilizePages()[pri:0, instance:com.automation.DevOpsAssignment.UserAccountTest@60d8c9b7]" name="initilizePages" is-config="true" duration-ms="6" started-at="2021-03-29T09:17:44 IST" finished-at="2021-03-29T09:17:44 IST">
          <reporter-output>
          </reporter-output>
        </test-method> <!-- initilizePages -->
        <test-method status="PASS" signature="createNewAccount()[pri:0, instance:com.automation.DevOpsAssignment.UserAccountTest@60d8c9b7]" name="createNewAccount" duration-ms="33052" started-at="2021-03-29T09:17:44 IST" finished-at="2021-03-29T09:18:17 IST">
          <reporter-output>
          </reporter-output>
        </test-method> <!-- createNewAccount -->
        <test-method status="PASS" signature="verifyAccountServicesList()[pri:0, instance:com.automation.DevOpsAssignment.UserAccountTest@60d8c9b7]" name="verifyAccountServicesList" duration-ms="5263" started-at="2021-03-29T09:18:17 IST" finished-at="2021-03-29T09:18:22 IST">
          <reporter-output>
          </reporter-output>
        </test-method> <!-- verifyAccountServicesList -->
      </class> <!-- com.automation.DevOpsAssignment.UserAccountTest -->
      <class name="com.automation.DevOpsAssignment.RegistrationTest">
        <test-method status="PASS" signature="launchBrowser()[pri:0, instance:com.automation.DevOpsAssignment.RegistrationTest@3967e60c]" name="launchBrowser" is-config="true" duration-ms="4329" started-at="2021-03-29T09:17:21 IST" finished-at="2021-03-29T09:17:26 IST">
          <reporter-output>
          </reporter-output>
        </test-method> <!-- launchBrowser -->
        <test-method status="PASS" signature="launchApplication()[pri:0, instance:com.automation.DevOpsAssignment.RegistrationTest@3967e60c]" name="launchApplication" is-config="true" duration-ms="5989" started-at="2021-03-29T09:17:26 IST" finished-at="2021-03-29T09:17:32 IST">
          <reporter-output>
          </reporter-output>
        </test-method> <!-- launchApplication -->
        <test-method status="PASS" signature="initilizePages()[pri:0, instance:com.automation.DevOpsAssignment.RegistrationTest@3967e60c]" name="initilizePages" is-config="true" duration-ms="31" started-at="2021-03-29T09:17:32 IST" finished-at="2021-03-29T09:17:32 IST">
          <reporter-output>
          </reporter-output>
        </test-method> <!-- initilizePages -->
        <test-method status="PASS" signature="verifyUserRegistration()[pri:0, instance:com.automation.DevOpsAssignment.RegistrationTest@3967e60c]" name="verifyUserRegistration" duration-ms="12121" started-at="2021-03-29T09:17:32 IST" finished-at="2021-03-29T09:17:44 IST">
          <reporter-output>
          </reporter-output>
        </test-method> <!-- verifyUserRegistration -->
        <test-method status="PASS" signature="killSession()[pri:0, instance:com.automation.DevOpsAssignment.RegistrationTest@3967e60c]" name="killSession" is-config="true" duration-ms="537" started-at="2021-03-29T09:18:44 IST" finished-at="2021-03-29T09:18:45 IST">
          <reporter-output>
          </reporter-output>
        </test-method> <!-- killSession -->
      </class> <!-- com.automation.DevOpsAssignment.RegistrationTest -->
      <class name="com.automation.DevOpsAssignment.AccountOverviewTest">
        <test-method status="PASS" signature="initializePages()[pri:0, instance:com.automation.DevOpsAssignment.AccountOverviewTest@48aaecc3]" name="initializePages" is-config="true" duration-ms="2" started-at="2021-03-29T09:18:22 IST" finished-at="2021-03-29T09:18:22 IST">
          <reporter-output>
          </reporter-output>
        </test-method> <!-- initializePages -->
        <test-method status="PASS" signature="verifyAccountOverview()[pri:0, instance:com.automation.DevOpsAssignment.AccountOverviewTest@48aaecc3]" name="verifyAccountOverview" duration-ms="6566" started-at="2021-03-29T09:18:22 IST" finished-at="2021-03-29T09:18:29 IST">
          <reporter-output>
          </reporter-output>
        </test-method> <!-- verifyAccountOverview -->
        <test-method status="FAIL" signature="verifyAccountOverviewHeading()[pri:0, instance:com.automation.DevOpsAssignment.AccountOverviewTest@48aaecc3]" name="verifyAccountOverviewHeading" duration-ms="5051" started-at="2021-03-29T09:18:29 IST" finished-at="2021-03-29T09:18:34 IST">
          <exception class="java.lang.AssertionError">
            <message>
              <![CDATA[expected [Account Overview] but found [Accounts Overview]]]>
            </message>
            <full-stacktrace>
              <![CDATA[java.lang.AssertionError: expected [Account Overview] but found [Accounts Overview]
at org.testng.Assert.fail(Assert.java:99)
at org.testng.Assert.failNotEquals(Assert.java:1037)
at org.testng.Assert.assertEqualsImpl(Assert.java:140)
at org.testng.Assert.assertEquals(Assert.java:122)
at org.testng.Assert.assertEquals(Assert.java:629)
at org.testng.Assert.assertEquals(Assert.java:639)
at com.automation.DevOpsAssignment.AccountOverviewTest.verifyAccountOverviewHeading(AccountOverviewTest.java:54)
at sun.reflect.NativeMethodAccessorImpl.invoke0(Native Method)
at sun.reflect.NativeMethodAccessorImpl.invoke(NativeMethodAccessorImpl.java:62)
at sun.reflect.DelegatingMethodAccessorImpl.invoke(DelegatingMethodAccessorImpl.java:43)
at java.lang.reflect.Method.invoke(Method.java:498)
at org.testng.internal.MethodInvocationHelper.invokeMethod(MethodInvocationHelper.java:132)
at org.testng.internal.TestInvoker.invokeMethod(TestInvoker.java:599)
at org.testng.internal.TestInvoker.invokeTestMethod(TestInvoker.java:174)
at org.testng.internal.MethodRunner.runInSequence(MethodRunner.java:46)
at org.testng.internal.TestInvoker$MethodInvocationAgent.invoke(TestInvoker.java:822)
at org.testng.internal.TestInvoker.invokeTestMethods(TestInvoker.java:147)
at org.testng.internal.TestMethodWorker.invokeTestMethods(TestMethodWorker.java:146)
at org.testng.internal.TestMethodWorker.run(TestMethodWorker.java:128)
at java.util.ArrayList.forEach(ArrayList.java:1259)
at org.testng.TestRunner.privateRun(TestRunner.java:764)
at org.testng.TestRunner.run(TestRunner.java:585)
at org.testng.SuiteRunner.runTest(SuiteRunner.java:384)
at org.testng.SuiteRunner.runSequentially(SuiteRunner.java:378)
at org.testng.SuiteRunner.privateRun(SuiteRunner.java:337)
at org.testng.SuiteRunner.run(SuiteRunner.java:286)
at org.testng.SuiteRunnerWorker.runSuite(SuiteRunnerWorker.java:53)
at org.testng.SuiteRunnerWorker.run(SuiteRunnerWorker.java:96)
at org.testng.TestNG.runSuitesSequentially(TestNG.java:1218)
at org.testng.TestNG.runSuitesLocally(TestNG.java:1140)
at org.testng.TestNG.runSuites(TestNG.java:1069)
at org.testng.TestNG.run(TestNG.java:1037)
at org.testng.remote.AbstractRemoteTestNG.run(AbstractRemoteTestNG.java:115)
at org.testng.remote.RemoteTestNG.initAndRun(RemoteTestNG.java:251)
at org.testng.remote.RemoteTestNG.main(RemoteTestNG.java:77)
]]>
            </full-stacktrace>
          </exception> <!-- java.lang.AssertionError -->
          <reporter-output>
          </reporter-output>
        </test-method> <!-- verifyAccountOverviewHeading -->
        <test-method status="PASS" signature="verifyTableDataAndPrintOnConsole()[pri:0, instance:com.automation.DevOpsAssignment.AccountOverviewTest@48aaecc3]" name="verifyTableDataAndPrintOnConsole" duration-ms="5259" started-at="2021-03-29T09:18:34 IST" finished-at="2021-03-29T09:18:39 IST">
          <reporter-output>
          </reporter-output>
        </test-method> <!-- verifyTableDataAndPrintOnConsole -->
      </class> <!-- com.automation.DevOpsAssignment.AccountOverviewTest -->
    </test> <!-- Test -->
  </suite> <!-- Suite -->
</testng-results>
